Path for java installation '/usr/lib/jvm/openjdk-21' (Common Linux Locations) does not contain a java executable
> Task :common:compileJava UP-TO-DATE
> Task :bootstrap-server:compileJava UP-TO-DATE
> Task :bootstrap-server:processResources NO-SOURCE
> Task :bootstrap-server:classes UP-TO-DATE
> Task :common:processResources NO-SOURCE
> Task :common:classes UP-TO-DATE
> Task :common:jar UP-TO-DATE
> Task :bootstrap-server:jar UP-TO-DATE
> Task :peer-node:compileJava UP-TO-DATE
> Task :peer-node:processResources NO-SOURCE
> Task :peer-node:classes UP-TO-DATE
> Task :peer-node:compileTestJava UP-TO-DATE
> Task :peer-node:processTestResources NO-SOURCE
> Task :peer-node:testClasses UP-TO-DATE

> Task :peer-node:test

GroupChatIntegrationTest STANDARD_OUT
    [GroupChatTest] Bootstrap server started on port 14099

GroupChatIntegrationTest > Leader leaves, hands over leadership, group continues STANDARD_OUT
    [RMI] Server started on port 16001
    [Registry] User registered: Alice
    [RMI] Server started on port 16002
    [Registry] User registered: Bob
    [RMI] Server started on port 16003
    [Registry] User registered: Charlie
    [RMI] Server started on port 16004
    [Registry] User registered: David
    DEBUG: removeUser called for Alice in group LeaderLeaveGroup
    DEBUG: Members size (excluding leader): 2
    DEBUG: removeUser called for Alice in group LeaderLeaveGroup
    DEBUG: Members size (excluding leader): 2
    DEBUG: removeUser called for Alice in group LeaderLeaveGroup
    DEBUG: Members size (excluding leader): 2
    [Registry] User unregistered: Alice
    [Registry] User unregistered: Bob
    [Registry] User unregistered: Charlie
    [Registry] User unregistered: David

GroupChatIntegrationTest > Leader leaves, hands over leadership, group continues FAILED
    org.opentest4j.AssertionFailedError: Timeout waiting for user left event ==> expected: <true> but was: <false>
        at app//org.junit.jupiter.api.AssertionFailureBuilder.build(AssertionFailureBuilder.java:151)
        at app//org.junit.jupiter.api.AssertionFailureBuilder.buildAndThrow(AssertionFailureBuilder.java:132)
        at app//org.junit.jupiter.api.AssertTrue.failNotTrue(AssertTrue.java:63)
        at app//org.junit.jupiter.api.AssertTrue.assertTrue(AssertTrue.java:36)
        at app//org.junit.jupiter.api.Assertions.assertTrue(Assertions.java:214)
        at app//p2p.peer.integration.GroupChatIntegrationTest.testLeaderLeavingHandover(GroupChatIntegrationTest.java:1139)

GroupChatIntegrationTest STANDARD_OUT
    [GroupChatTest] Bootstrap server stopped

1 test completed, 1 failed

> Task :peer-node:test FAILED

FAILURE: Build failed with an exception.

* What went wrong:
Execution failed for task ':peer-node:test'.
> There were failing tests. See the report at: file:///home/youssef/projects/antigravity_p2p/peer-node/build/reports/tests/test/index.html

* Try:
> Run with --scan to get full insights.

BUILD FAILED in 14s
7 actionable tasks: 1 executed, 6 up-to-date
